➜  Desktop rails new rails_elasticsearch --database=postgresql
      create  
      create  README.md
      create  Rakefile
      create  .ruby-version
      create  config.ru
      create  .gitignore
      create  .gitattributes
      create  Gemfile
         run  git init from "."
Initialized empty Git repository in /Users/hjfcoding/Desktop/rails_elasticsearch/.git/
      create  app
      create  app/assets/config/manifest.js
      create  app/assets/stylesheets/application.css
      create  app/channels/application_cable/channel.rb
      create  app/channels/application_cable/connection.rb
      create  app/controllers/application_controller.rb
      create  app/helpers/application_helper.rb
      create  app/jobs/application_job.rb
      create  app/mailers/application_mailer.rb
      create  app/models/application_record.rb
      create  app/views/layouts/application.html.erb
      create  app/views/layouts/mailer.html.erb
      create  app/views/layouts/mailer.text.erb
      create  app/assets/images
      create  app/assets/images/.keep
      create  app/controllers/concerns/.keep
      create  app/models/concerns/.keep
      create  bin
      create  bin/rails
      create  bin/rake
      create  bin/setup
      create  Dockerfile
      create  .dockerignore
      create  bin/docker-entrypoint
      create  config
      create  config/routes.rb
      create  config/application.rb
      create  config/environment.rb
      create  config/cable.yml
      create  config/puma.rb
      create  config/storage.yml
      create  config/environments
      create  config/environments/development.rb
      create  config/environments/production.rb
      create  config/environments/test.rb
      create  config/initializers
      create  config/initializers/assets.rb
      create  config/initializers/content_security_policy.rb
      create  config/initializers/cors.rb
      create  config/initializers/filter_parameter_logging.rb
      create  config/initializers/inflections.rb
      create  config/initializers/new_framework_defaults_7_1.rb
      create  config/initializers/permissions_policy.rb
      create  config/locales
      create  config/locales/en.yml
      create  config/master.key
      append  .gitignore
      create  config/boot.rb
      create  config/database.yml
      create  db
      create  db/seeds.rb
      create  lib
      create  lib/tasks
      create  lib/tasks/.keep
      create  lib/assets
      create  lib/assets/.keep
      create  log
      create  log/.keep
      create  public
      create  public/404.html
      create  public/422.html
      create  public/500.html
      create  public/apple-touch-icon-precomposed.png
      create  public/apple-touch-icon.png
      create  public/favicon.ico
      create  public/robots.txt
      create  tmp
      create  tmp/.keep
      create  tmp/pids
      create  tmp/pids/.keep
      create  tmp/cache
      create  tmp/cache/assets
      create  vendor
      create  vendor/.keep
      create  test/fixtures/files
      create  test/fixtures/files/.keep
      create  test/controllers
      create  test/controllers/.keep
      create  test/mailers
      create  test/mailers/.keep
      create  test/models
      create  test/models/.keep
      create  test/helpers
      create  test/helpers/.keep
      create  test/integration
      create  test/integration/.keep
      create  test/channels/application_cable/connection_test.rb
      create  test/test_helper.rb
      create  test/system
      create  test/system/.keep
      create  test/application_system_test_case.rb
      create  storage
      create  storage/.keep
      create  tmp/storage
      create  tmp/storage/.keep
      remove  config/initializers/cors.rb
      remove  config/initializers/new_framework_defaults_7_1.rb
         run  bundle install
Fetching source index from https://gems.ruby-china.com/
Resolving dependencies.........................
Using rake 13.1.0
Using base64 0.2.0
Using bigdecimal 3.1.4
Using concurrent-ruby 1.2.2
Using mutex_m 0.2.0
Using ruby2_keywords 0.0.5
Using rack 3.0.8
Using minitest 5.20.0
Using websocket-extensions 0.1.5
Using racc 1.7.3
Using connection_pool 2.4.1
Using marcel 1.0.2
Using nio4r 2.7.0
Using date 3.3.4
Using erubi 1.12.0
Using zeitwerk 2.6.12
Using bundler 2.2.32
Using crass 1.0.6
Using matrix 0.4.2
Using builder 3.2.4
Using stringio 3.1.0
Using bindex 0.8.1
Using webrick 1.8.1
Using thor 1.3.0
Using mini_mime 1.1.5
Fetching pg 1.5.4
Using public_suffix 5.0.4
Using io-console 0.6.0
Using websocket 1.2.10
Using timeout 0.4.1
Using rexml 3.2.6
Fetching regexp_parser 2.8.3
Using rubyzip 2.3.2
Using msgpack 1.7.2
Using i18n 1.14.1
Using tzinfo 2.0.6
Using websocket-driver 0.7.6
Using drb 2.2.0
Using rack-test 2.1.0
Using sprockets 4.2.1
Using nokogiri 1.15.5 (x86_64-darwin)
Using rack-session 2.0.0
Using net-protocol 0.2.2
Using rackup 2.1.0
Using selenium-webdriver 4.15.0
Using addressable 2.8.5
Using puma 6.4.0
Using bootsnap 1.17.0
Using reline 0.4.1
Using net-imap 0.4.7
Using net-smtp 0.4.0
Using loofah 2.22.0
Using xpath 3.2.0
Using activesupport 7.1.2
Using net-pop 0.1.2
Using psych 5.1.1.1
Using rails-html-sanitizer 1.6.0
Using mail 2.8.1
Fetching rdoc 6.6.1
Using globalid 1.2.1
Using activemodel 7.1.2
Using rails-dom-testing 2.2.0
Using activejob 7.1.2
Using actionview 7.1.2
Using activerecord 7.1.2
Using actionpack 7.1.2
Using jbuilder 2.11.5
Using actioncable 7.1.2
Using activestorage 7.1.2
Using actionmailer 7.1.2
Using sprockets-rails 3.4.2
Using actiontext 7.1.2
Using actionmailbox 7.1.2
Installing regexp_parser 2.8.3
Installing pg 1.5.4 with native extensions
Using capybara 3.39.2
Installing rdoc 6.6.1
Fetching irb 1.10.1
Installing irb 1.10.1
Using debug 1.8.0
Using railties 7.1.2
Using importmap-rails 1.2.3
Using rails 7.1.2
Using stimulus-rails 1.3.0
Using web-console 4.2.1
Using turbo-rails 1.5.0
Bundle complete! 14 Gemfile dependencies, 82 gems now installed.
Use `bundle info [gemname]` to see where a bundled gem is installed.
         run  bundle lock --add-platform=x86_64-linux
Fetching source index from https://gems.ruby-china.com/
Resolving dependencies...............
Writing lockfile to /Users/hjfcoding/Desktop/rails_elasticsearch/Gemfile.lock
         run  bundle binstubs bundler
       rails  importmap:install
       apply  /Users/hjfcoding/.rvm/gems/ruby-3.0.3@rails_7_2/gems/importmap-rails-1.2.3/lib/install/install.rb
  Add Importmap include tags in application layout
      insert    app/views/layouts/application.html.erb
  Create application.js module as entrypoint
      create    app/javascript/application.js
  Use vendor/javascript for downloaded pins
      create    vendor/javascript
      create    vendor/javascript/.keep
  Ensure JavaScript files are in the Sprocket manifest
      append    app/assets/config/manifest.js
  Configure importmap paths in config/importmap.rb
      create    config/importmap.rb
  Copying binstub
      create    bin/importmap
         run  bundle install
Using rake 13.1.0
Using base64 0.2.0
Using bigdecimal 3.1.4
Using concurrent-ruby 1.2.2
Using connection_pool 2.4.1
Using ruby2_keywords 0.0.5
Using drb 2.2.0
Using i18n 1.14.1
Using minitest 5.20.0
Using mutex_m 0.2.0
Using tzinfo 2.0.6
Using activesupport 7.1.2
Using builder 3.2.4
Using erubi 1.12.0
Using racc 1.7.3
Using nokogiri 1.15.5 (x86_64-darwin)
Using rails-dom-testing 2.2.0
Using crass 1.0.6
Using loofah 2.22.0
Using rails-html-sanitizer 1.6.0
Using actionview 7.1.2
Using rack 3.0.8
Using rack-session 2.0.0
Using rack-test 2.1.0
Using actionpack 7.1.2
Using nio4r 2.7.0
Using websocket-extensions 0.1.5
Using websocket-driver 0.7.6
Using zeitwerk 2.6.12
Using actioncable 7.1.2
Using globalid 1.2.1
Using activejob 7.1.2
Using activemodel 7.1.2
Using timeout 0.4.1
Using activerecord 7.1.2
Using marcel 1.0.2
Using activestorage 7.1.2
Using mini_mime 1.1.5
Using date 3.3.4
Using net-protocol 0.2.2
Using net-imap 0.4.7
Using net-pop 0.1.2
Using net-smtp 0.4.0
Using mail 2.8.1
Using actionmailbox 7.1.2
Using actionmailer 7.1.2
Using actiontext 7.1.2
Using public_suffix 5.0.4
Using addressable 2.8.5
Using bindex 0.8.1
Using msgpack 1.7.2
Using bootsnap 1.17.0
Using bundler 2.2.32
Using matrix 0.4.2
Using regexp_parser 2.8.3
Using xpath 3.2.0
Using capybara 3.39.2
Using stringio 3.1.0
Using psych 5.1.1.1
Using rdoc 6.6.1
Using io-console 0.6.0
Using reline 0.4.1
Using irb 1.10.1
Using debug 1.8.0
Using webrick 1.8.1
Using rackup 2.1.0
Using thor 1.3.0
Using railties 7.1.2
Using importmap-rails 1.2.3
Using jbuilder 2.11.5
Using pg 1.5.4
Using puma 6.4.0
Using rails 7.1.2
Using rexml 3.2.6
Using rubyzip 2.3.2
Using websocket 1.2.10
Using selenium-webdriver 4.15.0
Using sprockets 4.2.1
Using sprockets-rails 3.4.2
Using stimulus-rails 1.3.0
Using turbo-rails 1.5.0
Using web-console 4.2.1
Bundle complete! 14 Gemfile dependencies, 82 gems now installed.
Use `bundle info [gemname]` to see where a bundled gem is installed.
         run  bundle lock --add-platform=x86_64-linux
Writing lockfile to /Users/hjfcoding/Desktop/rails_elasticsearch/Gemfile.lock
       rails  turbo:install stimulus:install
       apply  /Users/hjfcoding/.rvm/gems/ruby-3.0.3@rails_7_2/gems/turbo-rails-1.5.0/lib/install/turbo_with_importmap.rb
  Import Turbo
      append    app/javascript/application.js
  Pin Turbo
      append    config/importmap.rb
         run  bundle install
Using rake 13.1.0
Using base64 0.2.0
Using bigdecimal 3.1.4
Using concurrent-ruby 1.2.2
Using connection_pool 2.4.1
Using ruby2_keywords 0.0.5
Using drb 2.2.0
Using i18n 1.14.1
Using minitest 5.20.0
Using mutex_m 0.2.0
Using tzinfo 2.0.6
Using activesupport 7.1.2
Using builder 3.2.4
Using erubi 1.12.0
Using racc 1.7.3
Using nokogiri 1.15.5 (x86_64-darwin)
Using rails-dom-testing 2.2.0
Using crass 1.0.6
Using loofah 2.22.0
Using rails-html-sanitizer 1.6.0
Using actionview 7.1.2
Using rack 3.0.8
Using rack-session 2.0.0
Using rack-test 2.1.0
Using actionpack 7.1.2
Using nio4r 2.7.0
Using websocket-extensions 0.1.5
Using websocket-driver 0.7.6
Using zeitwerk 2.6.12
Using actioncable 7.1.2
Using globalid 1.2.1
Using activejob 7.1.2
Using activemodel 7.1.2
Using timeout 0.4.1
Using activerecord 7.1.2
Using marcel 1.0.2
Using activestorage 7.1.2
Using mini_mime 1.1.5
Using date 3.3.4
Using net-protocol 0.2.2
Using net-imap 0.4.7
Using net-pop 0.1.2
Using net-smtp 0.4.0
Using mail 2.8.1
Using actionmailbox 7.1.2
Using actionmailer 7.1.2
Using actiontext 7.1.2
Using public_suffix 5.0.4
Using addressable 2.8.5
Using bindex 0.8.1
Using msgpack 1.7.2
Using bootsnap 1.17.0
Using bundler 2.2.32
Using matrix 0.4.2
Using regexp_parser 2.8.3
Using xpath 3.2.0
Using capybara 3.39.2
Using stringio 3.1.0
Using psych 5.1.1.1
Using rdoc 6.6.1
Using io-console 0.6.0
Using reline 0.4.1
Using irb 1.10.1
Using debug 1.8.0
Using webrick 1.8.1
Using rackup 2.1.0
Using thor 1.3.0
Using railties 7.1.2
Using importmap-rails 1.2.3
Using jbuilder 2.11.5
Using pg 1.5.4
Using puma 6.4.0
Using rails 7.1.2
Using rexml 3.2.6
Using rubyzip 2.3.2
Using websocket 1.2.10
Using selenium-webdriver 4.15.0
Using sprockets 4.2.1
Using sprockets-rails 3.4.2
Using stimulus-rails 1.3.0
Using turbo-rails 1.5.0
Using web-console 4.2.1
Bundle complete! 14 Gemfile dependencies, 82 gems now installed.
Use `bundle info [gemname]` to see where a bundled gem is installed.
         run  bundle lock --add-platform=x86_64-linux
Writing lockfile to /Users/hjfcoding/Desktop/rails_elasticsearch/Gemfile.lock
       apply  /Users/hjfcoding/.rvm/gems/ruby-3.0.3@rails_7_2/gems/turbo-rails-1.5.0/lib/install/turbo_needs_redis.rb
  Enable redis in bundle
        gsub    Gemfile
         run    bundle install
Fetching source index from https://gems.ruby-china.com/
Resolving dependencies......
Using rake 13.1.0
Using base64 0.2.0
Using ruby2_keywords 0.0.5
Using bigdecimal 3.1.4
Using concurrent-ruby 1.2.2
Using connection_pool 2.4.1
Using minitest 5.20.0
Using mutex_m 0.2.0
Using zeitwerk 2.6.12
Using websocket-extensions 0.1.5
Using racc 1.7.3
Using crass 1.0.6
Using rack 3.0.8
Using date 3.3.4
Using builder 3.2.4
Using bindex 0.8.1
Using bundler 2.2.32
Using marcel 1.0.2
Using matrix 0.4.2
Using nio4r 2.7.0
Using public_suffix 5.0.4
Using io-console 0.6.0
Using msgpack 1.7.2
Using thor 1.3.0
Using timeout 0.4.1
Using regexp_parser 2.8.3
Using rubyzip 2.3.2
Using erubi 1.12.0
Using drb 2.2.0
Using pg 1.5.4
Using tzinfo 2.0.6
Using rexml 3.2.6
Using websocket-driver 0.7.6
Using websocket 1.2.10
Using rack-session 2.0.0
Using i18n 1.14.1
Using sprockets 4.2.1
Using redis-client 0.18.0
Using stringio 3.1.0
Using nokogiri 1.15.5 (x86_64-darwin)
Using webrick 1.8.1
Using rack-test 2.1.0
Using selenium-webdriver 4.15.0
Using addressable 2.8.5
Using reline 0.4.1
Using bootsnap 1.17.0
Using loofah 2.22.0
Using mini_mime 1.1.5
Using rackup 2.1.0
Using redis 5.0.8
Using psych 5.1.1.1
Using puma 6.4.0
Using net-protocol 0.2.2
Using rdoc 6.6.1
Using activesupport 7.1.2
Using rails-html-sanitizer 1.6.0
Using xpath 3.2.0
Using rails-dom-testing 2.2.0
Using net-pop 0.1.2
Using net-smtp 0.4.0
Using irb 1.10.1
Using globalid 1.2.1
Using net-imap 0.4.7
Using debug 1.8.0
Using capybara 3.39.2
Using actionview 7.1.2
Using activemodel 7.1.2
Using actionpack 7.1.2
Using mail 2.8.1
Using railties 7.1.2
Using jbuilder 2.11.5
Using activerecord 7.1.2
Using activejob 7.1.2
Using actioncable 7.1.2
Using sprockets-rails 3.4.2
Using importmap-rails 1.2.3
Using stimulus-rails 1.3.0
Using web-console 4.2.1
Using turbo-rails 1.5.0
Using activestorage 7.1.2
Using actionmailer 7.1.2
Using actionmailbox 7.1.2
Using actiontext 7.1.2
Using rails 7.1.2
Bundle complete! 15 Gemfile dependencies, 84 gems now installed.
Use `bundle info [gemname]` to see where a bundled gem is installed.
         run    bundle lock --add-platform=x86_64-linux
Writing lockfile to /Users/hjfcoding/Desktop/rails_elasticsearch/Gemfile.lock
  Switch development cable to use redis
        gsub    config/cable.yml
         run  bundle install
Using rake 13.1.0
Using base64 0.2.0
Using bigdecimal 3.1.4
Using concurrent-ruby 1.2.2
Using connection_pool 2.4.1
Using ruby2_keywords 0.0.5
Using drb 2.2.0
Using i18n 1.14.1
Using minitest 5.20.0
Using mutex_m 0.2.0
Using tzinfo 2.0.6
Using activesupport 7.1.2
Using builder 3.2.4
Using erubi 1.12.0
Using racc 1.7.3
Using nokogiri 1.15.5 (x86_64-darwin)
Using rails-dom-testing 2.2.0
Using crass 1.0.6
Using loofah 2.22.0
Using rails-html-sanitizer 1.6.0
Using actionview 7.1.2
Using rack 3.0.8
Using rack-session 2.0.0
Using rack-test 2.1.0
Using actionpack 7.1.2
Using nio4r 2.7.0
Using websocket-extensions 0.1.5
Using websocket-driver 0.7.6
Using zeitwerk 2.6.12
Using actioncable 7.1.2
Using globalid 1.2.1
Using activejob 7.1.2
Using activemodel 7.1.2
Using timeout 0.4.1
Using activerecord 7.1.2
Using marcel 1.0.2
Using activestorage 7.1.2
Using mini_mime 1.1.5
Using date 3.3.4
Using net-protocol 0.2.2
Using net-imap 0.4.7
Using net-pop 0.1.2
Using net-smtp 0.4.0
Using mail 2.8.1
Using actionmailbox 7.1.2
Using actionmailer 7.1.2
Using actiontext 7.1.2
Using public_suffix 5.0.4
Using addressable 2.8.5
Using bindex 0.8.1
Using msgpack 1.7.2
Using bootsnap 1.17.0
Using bundler 2.2.32
Using matrix 0.4.2
Using regexp_parser 2.8.3
Using xpath 3.2.0
Using capybara 3.39.2
Using stringio 3.1.0
Using psych 5.1.1.1
Using rdoc 6.6.1
Using io-console 0.6.0
Using reline 0.4.1
Using irb 1.10.1
Using debug 1.8.0
Using webrick 1.8.1
Using rackup 2.1.0
Using thor 1.3.0
Using railties 7.1.2
Using importmap-rails 1.2.3
Using jbuilder 2.11.5
Using pg 1.5.4
Using puma 6.4.0
Using rails 7.1.2
Using redis-client 0.18.0
Using redis 5.0.8
Using rexml 3.2.6
Using rubyzip 2.3.2
Using websocket 1.2.10
Using selenium-webdriver 4.15.0
Using sprockets 4.2.1
Using sprockets-rails 3.4.2
Using stimulus-rails 1.3.0
Using turbo-rails 1.5.0
Using web-console 4.2.1
Bundle complete! 15 Gemfile dependencies, 84 gems now installed.
Use `bundle info [gemname]` to see where a bundled gem is installed.
         run  bundle lock --add-platform=x86_64-linux
Writing lockfile to /Users/hjfcoding/Desktop/rails_elasticsearch/Gemfile.lock
       apply  /Users/hjfcoding/.rvm/gems/ruby-3.0.3@rails_7_2/gems/stimulus-rails-1.3.0/lib/install/stimulus_with_importmap.rb
  Create controllers directory
      create    app/javascript/controllers
      create    app/javascript/controllers/index.js
      create    app/javascript/controllers/application.js
      create    app/javascript/controllers/hello_controller.js
  Import Stimulus controllers
      append    app/javascript/application.js
  Pin Stimulus
  Appending: pin "@hotwired/stimulus", to: "stimulus.min.js", preload: true"
      append    config/importmap.rb
  Appending: pin "@hotwired/stimulus-loading", to: "stimulus-loading.js", preload: true
      append    config/importmap.rb
  Pin all controllers
  Appending: pin_all_from "app/javascript/controllers", under: "controllers"
      append    config/importmap.rb
         run  bundle install
Using rake 13.1.0
Using base64 0.2.0
Using bigdecimal 3.1.4
Using concurrent-ruby 1.2.2
Using connection_pool 2.4.1
Using ruby2_keywords 0.0.5
Using drb 2.2.0
Using i18n 1.14.1
Using minitest 5.20.0
Using mutex_m 0.2.0
Using tzinfo 2.0.6
Using activesupport 7.1.2
Using builder 3.2.4
Using erubi 1.12.0
Using racc 1.7.3
Using nokogiri 1.15.5 (x86_64-darwin)
Using rails-dom-testing 2.2.0
Using crass 1.0.6
Using loofah 2.22.0
Using rails-html-sanitizer 1.6.0
Using actionview 7.1.2
Using rack 3.0.8
Using rack-session 2.0.0
Using rack-test 2.1.0
Using actionpack 7.1.2
Using nio4r 2.7.0
Using websocket-extensions 0.1.5
Using websocket-driver 0.7.6
Using zeitwerk 2.6.12
Using actioncable 7.1.2
Using globalid 1.2.1
Using activejob 7.1.2
Using activemodel 7.1.2
Using timeout 0.4.1
Using activerecord 7.1.2
Using marcel 1.0.2
Using activestorage 7.1.2
Using mini_mime 1.1.5
Using date 3.3.4
Using net-protocol 0.2.2
Using net-imap 0.4.7
Using net-pop 0.1.2
Using net-smtp 0.4.0
Using mail 2.8.1
Using actionmailbox 7.1.2
Using actionmailer 7.1.2
Using actiontext 7.1.2
Using public_suffix 5.0.4
Using addressable 2.8.5
Using bindex 0.8.1
Using msgpack 1.7.2
Using bootsnap 1.17.0
Using bundler 2.2.32
Using matrix 0.4.2
Using regexp_parser 2.8.3
Using xpath 3.2.0
Using capybara 3.39.2
Using stringio 3.1.0
Using psych 5.1.1.1
Using rdoc 6.6.1
Using io-console 0.6.0
Using reline 0.4.1
Using irb 1.10.1
Using debug 1.8.0
Using webrick 1.8.1
Using rackup 2.1.0
Using thor 1.3.0
Using railties 7.1.2
Using importmap-rails 1.2.3
Using jbuilder 2.11.5
Using pg 1.5.4
Using puma 6.4.0
Using rails 7.1.2
Using redis-client 0.18.0
Using redis 5.0.8
Using rexml 3.2.6
Using rubyzip 2.3.2
Using websocket 1.2.10
Using selenium-webdriver 4.15.0
Using sprockets 4.2.1
Using sprockets-rails 3.4.2
Using stimulus-rails 1.3.0
Using turbo-rails 1.5.0
Using web-console 4.2.1
Bundle complete! 15 Gemfile dependencies, 84 gems now installed.
Use `bundle info [gemname]` to see where a bundled gem is installed.
         run  bundle lock --add-platform=x86_64-linux
Writing lockfile to /Users/hjfcoding/Desktop/rails_elasticsearch/Gemfile.lock
➜  Desktop 
